<?xml version="1.0" encoding="UTF-8" ?>
<testsuite failures="0" time="0.005" errors="0" skipped="0" tests="27" name="com.gra.testowanie.lab2.InterfejsTest">
  <properties>
    <property name="java.runtime.name" value="Java(TM) SE Runtime Environment"/>
    <property name="sun.boot.library.path" value="/opt/devel/jdk1.7.0_40/jre/lib/i386"/>
    <property name="java.vm.version" value="24.0-b56"/>
    <property name="java.vm.vendor" value="Oracle Corporation"/>
    <property name="java.vendor.url" value="http://java.oracle.com/"/>
    <property name="path.separator" value=":"/>
    <property name="guice.disable.misplaced.annotation.check" value="true"/>
    <property name="java.vm.name" value="Java HotSpot(TM) Client VM"/>
    <property name="file.encoding.pkg" value="sun.io"/>
    <property name="user.country" value="PL"/>
    <property name="sun.java.launcher" value="SUN_STANDARD"/>
    <property name="sun.os.patch.level" value="unknown"/>
    <property name="java.vm.specification.name" value="Java Virtual Machine Specification"/>
    <property name="user.dir" value="/opt/devel/workspace/lab2"/>
    <property name="java.runtime.version" value="1.7.0_40-b43"/>
    <property name="java.awt.graphicsenv" value="sun.awt.X11GraphicsEnvironment"/>
    <property name="java.endorsed.dirs" value="/opt/devel/jdk1.7.0_40/jre/lib/endorsed"/>
    <property name="os.arch" value="i386"/>
    <property name="java.io.tmpdir" value="/tmp"/>
    <property name="line.separator" value="
"/>
    <property name="java.vm.specification.vendor" value="Oracle Corporation"/>
    <property name="os.name" value="Linux"/>
    <property name="classworlds.conf" value="/opt/devel/workspace/.metadata/.plugins/org.eclipse.m2e.launching/launches/m2conf7318497050741620525.tmp"/>
    <property name="sun.jnu.encoding" value="UTF-8"/>
    <property name="java.library.path" value="/opt/devel/jdk1.7.0_40/jre/lib/i386/client:/opt/devel/jdk1.7.0_40/jre/lib/i386::/usr/java/packages/lib/i386:/lib:/usr/lib"/>
    <property name="java.specification.name" value="Java Platform API Specification"/>
    <property name="java.class.version" value="51.0"/>
    <property name="sun.management.compiler" value="HotSpot Client Compiler"/>
    <property name="os.version" value="3.8.0-31-generic"/>
    <property name="user.home" value="/home/student"/>
    <property name="user.timezone" value="Europe/Warsaw"/>
    <property name="java.awt.printerjob" value="sun.print.PSPrinterJob"/>
    <property name="file.encoding" value="UTF-8"/>
    <property name="java.specification.version" value="1.7"/>
    <property name="user.name" value="student"/>
    <property name="java.class.path" value="/opt/devel/apache-maven-3.1.0/boot/plexus-classworlds-2.4.2.jar"/>
    <property name="org.slf4j.simpleLogger.defaultLogLevel" value="info"/>
    <property name="java.vm.specification.version" value="1.7"/>
    <property name="sun.arch.data.model" value="32"/>
    <property name="java.home" value="/opt/devel/jdk1.7.0_40/jre"/>
    <property name="sun.java.command" value="org.codehaus.classworlds.Launcher -B test"/>
    <property name="java.specification.vendor" value="Oracle Corporation"/>
    <property name="user.language" value="pl"/>
    <property name="awt.toolkit" value="sun.awt.X11.XToolkit"/>
    <property name="java.vm.info" value="mixed mode"/>
    <property name="java.version" value="1.7.0_40"/>
    <property name="java.ext.dirs" value="/opt/devel/jdk1.7.0_40/jre/lib/ext:/usr/java/packages/lib/ext"/>
    <property name="securerandom.source" value="file:/dev/./urandom"/>
    <property name="sun.boot.class.path" value="/opt/devel/jdk1.7.0_40/jre/lib/resources.jar:/opt/devel/jdk1.7.0_40/jre/lib/rt.jar:/opt/devel/jdk1.7.0_40/jre/lib/sunrsasign.jar:/opt/devel/jdk1.7.0_40/jre/lib/jsse.jar:/opt/devel/jdk1.7.0_40/jre/lib/jce.jar:/opt/devel/jdk1.7.0_40/jre/lib/charsets.jar:/opt/devel/jdk1.7.0_40/jre/lib/jfr.jar:/opt/devel/jdk1.7.0_40/jre/classes"/>
    <property name="java.vendor" value="Oracle Corporation"/>
    <property name="maven.home" value="/opt/devel/apache-maven-3.1.0"/>
    <property name="file.separator" value="/"/>
    <property name="java.vendor.url.bug" value="http://bugreport.sun.com/bugreport/"/>
    <property name="maven.bootclasspath" value="/opt/devel/apache-maven-3.1.0/boot/plexus-classworlds-2.4.2.jar"/>
    <property name="sun.cpu.endian" value="little"/>
    <property name="sun.io.unicode.encoding" value="UnicodeLittle"/>
    <property name="sun.cpu.isalist" value=""/>
  </properties>
  <testcase time="0" classname="com.gra.testowanie.lab2.InterfejsTest" name="hultajchochlaTest1"/>
  <testcase time="0" classname="com.gra.testowanie.lab2.InterfejsTest" name="hultajchochlaTest2"/>
  <testcase time="0" classname="com.gra.testowanie.lab2.InterfejsTest" name="hultajchochlaTest3"/>
  <testcase time="0" classname="com.gra.testowanie.lab2.InterfejsTest" name="hultajchochlaTest4"/>
  <testcase time="0" classname="com.gra.testowanie.lab2.InterfejsTest" name="hultajchochlaTest5"/>
  <testcase time="0" classname="com.gra.testowanie.lab2.InterfejsTest" name="hultajchochlaTest6"/>
  <testcase time="0" classname="com.gra.testowanie.lab2.InterfejsTest" name="hultajchochlaTest7"/>
  <testcase time="0" classname="com.gra.testowanie.lab2.InterfejsTest" name="hultajchochlaTest9"/>
  <testcase time="0" classname="com.gra.testowanie.lab2.InterfejsTest" name="nieksztaltekTest10"/>
  <testcase time="0" classname="com.gra.testowanie.lab2.InterfejsTest" name="CyfrokradTest1"/>
  <testcase time="0" classname="com.gra.testowanie.lab2.InterfejsTest" name="CyfrokradTest2"/>
  <testcase time="0" classname="com.gra.testowanie.lab2.InterfejsTest" name="CyfrokradTest3"/>
  <testcase time="0.001" classname="com.gra.testowanie.lab2.InterfejsTest" name="CyfrokradTest4"/>
  <testcase time="0" classname="com.gra.testowanie.lab2.InterfejsTest" name="CyfrokradTest5"/>
  <testcase time="0.001" classname="com.gra.testowanie.lab2.InterfejsTest" name="CyfrokradTest6"/>
  <testcase time="0.001" classname="com.gra.testowanie.lab2.InterfejsTest" name="CyfrokradTest7"/>
  <testcase time="0" classname="com.gra.testowanie.lab2.InterfejsTest" name="nieksztaltekTest1"/>
  <testcase time="0" classname="com.gra.testowanie.lab2.InterfejsTest" name="nieksztaltekTest3"/>
  <testcase time="0.001" classname="com.gra.testowanie.lab2.InterfejsTest" name="nieksztaltekTest4"/>
  <testcase time="0" classname="com.gra.testowanie.lab2.InterfejsTest" name="nieksztaltekTest5"/>
  <testcase time="0.001" classname="com.gra.testowanie.lab2.InterfejsTest" name="nieksztaltekTest6"/>
  <testcase time="0" classname="com.gra.testowanie.lab2.InterfejsTest" name="nieksztaltekTest7"/>
  <testcase time="0" classname="com.gra.testowanie.lab2.InterfejsTest" name="nieksztaltekTest8"/>
  <testcase time="0" classname="com.gra.testowanie.lab2.InterfejsTest" name="nieksztaltekTest9"/>
  <testcase time="0" classname="com.gra.testowanie.lab2.InterfejsTest" name="hultajchochlaTestIfCorrect"/>
  <testcase time="0" classname="com.gra.testowanie.lab2.InterfejsTest" name="hultajchochlaTest"/>
  <testcase time="0" classname="com.gra.testowanie.lab2.InterfejsTest" name="nieksztaltek6"/>
</testsuite>